This is pdfTeX, Version 3.14159265-2.6-1.40.21 (MiKTeX 2.9.7400 64-bit) (preloaded format=pdflatex 2020.5.6)  7 MAY 2020 10:20
entering extended mode
**./Documento_TG.tex
(Documento_TG.tex
LaTeX2e <2020-02-02> patch level 5
L3 programming layer <2020-04-06>
("C:\Users\carlo\AppData\Local\Programs\MiKTeX 2.9\tex/latex/base\book.cls"
Document Class: book 2019/12/20 v1.4l Standard LaTeX document class
("C:\Users\carlo\AppData\Local\Programs\MiKTeX 2.9\tex/latex/base\bk10.clo"
File: bk10.clo 2019/12/20 v1.4l Standard LaTeX file (size option)
)
\c@part=\count167
\c@chapter=\count168
\c@section=\count169
\c@subsection=\count170
\c@subsubsection=\count171
\c@paragraph=\count172
\c@subparagraph=\count173
\c@figure=\count174
\c@table=\count175
\abovecaptionskip=\skip47
\belowcaptionskip=\skip48
\bibindent=\dimen134
)
(PAQUETES.tex
("C:\Users\carlo\AppData\Local\Programs\MiKTeX 2.9\tex/latex/base\inputenc.sty"
Package: inputenc 2018/08/11 v1.3c Input encoding file
\inpenc@prehook=\toks15
\inpenc@posthook=\toks16
) ("C:\Users\carlo\AppData\Local\Programs\MiKTeX 2.9\tex/latex/base\fontenc.sty
"
Package: fontenc 2020/02/11 v2.0o Standard LaTeX package
)
("C:\Users\carlo\AppData\Local\Programs\MiKTeX 2.9\tex/generic/babel\babel.sty"
Package: babel 2020/04/28 3.43 The Babel package
("C:\Users\carlo\AppData\Local\Programs\MiKTeX 2.9\tex/generic/babel\babel.def"
File: babel.def 2020/04/28 3.43 Babel common definitions
\babel@savecnt=\count176
\U@D=\dimen135

("C:\Users\carlo\AppData\Local\Programs\MiKTeX 2.9\tex/generic/babel\txtbabel.d
ef")
\bbl@readstream=\read2
)
\bbl@dirlevel=\count177

*************************************
* Local config file bblopts.cfg used
*
("C:\Users\carlo\AppData\Local\Programs\MiKTeX 2.9\tex/latex/arabi\bblopts.cfg"
File: bblopts.cfg 2005/09/08 v0.1 add Arabic and Farsi to "declared" options of
 babel
)
("C:\Users\carlo\AppData\Local\Programs\MiKTeX 2.9\tex/latex/babel-spanish\span
ish.ldf"
Language: spanish.ldf 2016/03/03 v5.0p Spanish support from the babel system
\es@quottoks=\toks17
\es@quotdepth=\count178
Package babel Info: Making " an active character on input line 561.
Package babel Info: Making . an active character on input line 662.
Package babel Info: Making < an active character on input line 707.
Package babel Info: Making > an active character on input line 707.
))
("C:\Users\carlo\AppData\Local\Programs\MiKTeX 2.9\tex/latex/eurosym\eurosym.st
y"
Package: eurosym 1998/08/06 v1.1 European currency symbol ``Euro''
\@eurobox=\box45
)
("C:\Users\carlo\AppData\Local\Programs\MiKTeX 2.9\tex/latex/amsfonts\amssymb.s
ty"
Package: amssymb 2013/01/14 v3.01 AMS font symbols

("C:\Users\carlo\AppData\Local\Programs\MiKTeX 2.9\tex/latex/amsfonts\amsfonts.
sty"
Package: amsfonts 2013/01/14 v3.01 Basic AMSFonts support
\@emptytoks=\toks18
\symAMSa=\mathgroup4
\symAMSb=\mathgroup5
LaTeX Font Info:    Redeclaring math symbol \hbar on input line 98.
LaTeX Font Info:    Overwriting math alphabet `\mathfrak' in version `bold'
(Font)                  U/euf/m/n --> U/euf/b/n on input line 106.
))
("C:\Users\carlo\AppData\Local\Programs\MiKTeX 2.9\tex/latex/amsmath\amsmath.st
y"
Package: amsmath 2020/01/20 v2.17e AMS math features
\@mathmargin=\skip49

For additional information on amsmath, use the `?' option.

("C:\Users\carlo\AppData\Local\Programs\MiKTeX 2.9\tex/latex/amsmath\amstext.st
y"
Package: amstext 2000/06/29 v2.01 AMS text

("C:\Users\carlo\AppData\Local\Programs\MiKTeX 2.9\tex/latex/amsmath\amsgen.sty
"
File: amsgen.sty 1999/11/30 v2.0 generic functions
\@emptytoks=\toks19
\ex@=\dimen136
))
("C:\Users\carlo\AppData\Local\Programs\MiKTeX 2.9\tex/latex/amsmath\amsbsy.sty
"
Package: amsbsy 1999/11/29 v1.2d Bold Symbols
\pmbraise@=\dimen137
)
("C:\Users\carlo\AppData\Local\Programs\MiKTeX 2.9\tex/latex/amsmath\amsopn.sty
"
Package: amsopn 2016/03/08 v2.02 operator names
)
\inf@bad=\count179
LaTeX Info: Redefining \frac on input line 227.
\uproot@=\count180
\leftroot@=\count181
LaTeX Info: Redefining \overline on input line 389.
\classnum@=\count182
\DOTSCASE@=\count183
LaTeX Info: Redefining \ldots on input line 486.
LaTeX Info: Redefining \dots on input line 489.
LaTeX Info: Redefining \cdots on input line 610.
\Mathstrutbox@=\box46
\strutbox@=\box47
\big@size=\dimen138
LaTeX Font Info:    Redeclaring font encoding OML on input line 733.
LaTeX Font Info:    Redeclaring font encoding OMS on input line 734.
\macc@depth=\count184
\c@MaxMatrixCols=\count185
\dotsspace@=\muskip16
\c@parentequation=\count186
\dspbrk@lvl=\count187
\tag@help=\toks20
\row@=\count188
\column@=\count189
\maxfields@=\count190
\andhelp@=\toks21
\eqnshift@=\dimen139
\alignsep@=\dimen140
\tagshift@=\dimen141
\tagwidth@=\dimen142
\totwidth@=\dimen143
\lineht@=\dimen144
\@envbody=\toks22
\multlinegap=\skip50
\multlinetaggap=\skip51
\mathdisplay@stack=\toks23
LaTeX Info: Redefining \[ on input line 2859.
LaTeX Info: Redefining \] on input line 2860.
)
("C:\Users\carlo\AppData\Local\Programs\MiKTeX 2.9\tex/latex/base\latexsym.sty"
Package: latexsym 1998/08/17 v2.2e Standard LaTeX package (lasy symbols)
\symlasy=\mathgroup6
LaTeX Font Info:    Overwriting symbol font `lasy' in version `bold'
(Font)                  U/lasy/m/n --> U/lasy/b/n on input line 52.
) ("C:\Users\carlo\AppData\Local\Programs\MiKTeX 2.9\tex/latex/base\ifthen.sty"
Package: ifthen 2014/09/29 v1.1c Standard LaTeX ifthen package (DPC)
)
("C:\Users\carlo\AppData\Local\Programs\MiKTeX 2.9\tex/latex/graphics\graphics.
sty"
Package: graphics 2019/11/30 v1.4a Standard LaTeX Graphics (DPC,SPQR)

("C:\Users\carlo\AppData\Local\Programs\MiKTeX 2.9\tex/latex/graphics\trig.sty"
Package: trig 2016/01/03 v1.10 sin cos tan (DPC)
)
("C:\Users\carlo\AppData\Local\Programs\MiKTeX 2.9\tex/latex/graphics-cfg\graph
ics.cfg"
File: graphics.cfg 2016/06/04 v1.11 sample graphics configuration
)
Package graphics Info: Driver file: pdftex.def on input line 105.

("C:\Users\carlo\AppData\Local\Programs\MiKTeX 2.9\tex/latex/graphics-def\pdfte
x.def"
File: pdftex.def 2018/01/08 v1.0l Graphics/color driver for pdftex
))
("C:\Users\carlo\AppData\Local\Programs\MiKTeX 2.9\tex/latex/graphics\graphicx.
sty"
Package: graphicx 2019/11/30 v1.2a Enhanced LaTeX Graphics (DPC,SPQR)

("C:\Users\carlo\AppData\Local\Programs\MiKTeX 2.9\tex/latex/graphics\keyval.st
y"
Package: keyval 2014/10/28 v1.15 key=value parser (DPC)
\KV@toks@=\toks24
)
\Gin@req@height=\dimen145
\Gin@req@width=\dimen146
)
("C:\Users\carlo\AppData\Local\Programs\MiKTeX 2.9\tex/latex/caption\subcaption
.sty"
Package: subcaption 2020/01/22 v1.3d Sub-captions (AR)

("C:\Users\carlo\AppData\Local\Programs\MiKTeX 2.9\tex/latex/caption\caption.st
y"
Package: caption 2020/01/03 v3.4h Customizing captions (AR)

("C:\Users\carlo\AppData\Local\Programs\MiKTeX 2.9\tex/latex/caption\caption3.s
ty"
Package: caption3 2020/01/03 v1.8h caption3 kernel (AR)
Package caption3 Info: TeX engine: e-TeX on input line 61.
\captionmargin=\dimen147
\captionmargin@=\dimen148
\captionwidth=\dimen149
\caption@tempdima=\dimen150
\caption@indent=\dimen151
\caption@parindent=\dimen152
\caption@hangindent=\dimen153
Package caption Info: Standard document class detected.
)
\c@caption@flags=\count191
\c@continuedfloat=\count192
)
\c@subfigure=\count193
\c@subtable=\count194
)
("C:\Users\carlo\AppData\Local\Programs\MiKTeX 2.9\tex/latex/wrapfig\wrapfig.st
y"
\wrapoverhang=\dimen154
\WF@size=\dimen155
\c@WF@wrappedlines=\count195
\WF@box=\box48
\WF@everypar=\toks25
Package: wrapfig 2003/01/31  v 3.6
) ("C:\Users\carlo\AppData\Local\Programs\MiKTeX 2.9\tex/latex/float\float.sty"
Package: float 2001/11/08 v1.3d Float enhancements (AL)
\c@float@type=\count196
\float@exts=\toks26
\float@box=\box49
\@float@everytoks=\toks27
\@floatcapt=\box50
)
("C:\Users\carlo\AppData\Local\Programs\MiKTeX 2.9\tex/latex/base\graphpap.sty"
Package: graphpap 1994/08/09 v1.0c Standard LaTeX graphpap package (LL)
)
("C:\Users\carlo\AppData\Local\Programs\MiKTeX 2.9\tex/latex/imakeidx\imakeidx.
sty"
Package: imakeidx 2016/10/15 v1.3e Package for typesetting indices in a synchro
nous mode

("C:\Users\carlo\AppData\Local\Programs\MiKTeX 2.9\tex/latex/xkeyval\xkeyval.st
y"
Package: xkeyval 2014/12/03 v2.7a package option processing (HA)

("C:\Users\carlo\AppData\Local\Programs\MiKTeX 2.9\tex/generic/xkeyval\xkeyval.
tex"
("C:\Users\carlo\AppData\Local\Programs\MiKTeX 2.9\tex/generic/xkeyval\xkvutils
.tex"
\XKV@toks=\toks28
\XKV@tempa@toks=\toks29
)
\XKV@depth=\count197
File: xkeyval.tex 2014/12/03 v2.7a key=value parser (HA)
))
("C:\Users\carlo\AppData\Local\Programs\MiKTeX 2.9\tex/generic/iftex\ifxetex.st
y"
Package: ifxetex 2019/10/25 v0.7 ifxetex legacy package. Use iftex instead.

("C:\Users\carlo\AppData\Local\Programs\MiKTeX 2.9\tex/generic/iftex\iftex.sty"
Package: iftex 2020/03/06 v1.0d TeX engine tests
))
("C:\Users\carlo\AppData\Local\Programs\MiKTeX 2.9\tex/generic/iftex\ifluatex.s
ty"
Package: ifluatex 2019/10/25 v1.5 ifluatex legacy package. Use iftex instead.
)
("C:\Users\carlo\AppData\Local\Programs\MiKTeX 2.9\tex/latex/tools\multicol.sty
"
Package: multicol 2019/12/09 v1.8y multicolumn formatting (FMi)
\c@tracingmulticols=\count198
\mult@box=\box51
\multicol@leftmargin=\dimen156
\c@unbalance=\count199
\c@collectmore=\count266
\doublecol@number=\count267
\multicoltolerance=\count268
\multicolpretolerance=\count269
\full@width=\dimen157
\page@free=\dimen158
\premulticols=\dimen159
\postmulticols=\dimen160
\multicolsep=\skip52
\multicolbaselineskip=\skip53
\partial@page=\box52
\last@line=\box53
\maxbalancingoverflow=\dimen161
\mult@rightbox=\box54
\mult@grightbox=\box55
\mult@gfirstbox=\box56
\mult@firstbox=\box57
\@tempa=\box58
\@tempa=\box59
\@tempa=\box60
\@tempa=\box61
\@tempa=\box62
\@tempa=\box63
\@tempa=\box64
\@tempa=\box65
\@tempa=\box66
\@tempa=\box67
\@tempa=\box68
\@tempa=\box69
\@tempa=\box70
\@tempa=\box71
\@tempa=\box72
\@tempa=\box73
\@tempa=\box74
\@tempa=\box75
\@tempa=\box76
\@tempa=\box77
\@tempa=\box78
\@tempa=\box79
\@tempa=\box80
\@tempa=\box81
\@tempa=\box82
\@tempa=\box83
\@tempa=\box84
\@tempa=\box85
\@tempa=\box86
\@tempa=\box87
\@tempa=\box88
\@tempa=\box89
\@tempa=\box90
\@tempa=\box91
\@tempa=\box92
\@tempa=\box93
\@tempa=\box94
\c@minrows=\count270
\c@columnbadness=\count271
\c@finalcolumnbadness=\count272
\last@try=\dimen162
\multicolovershoot=\dimen163
\multicolundershoot=\dimen164
\mult@nat@firstbox=\box95
\colbreak@box=\box96
\mc@col@check@num=\count273
))
\Documento_TG@idxfile=\write3
\openout3 = `Documento_TG.idx'.


Writing index file Documento_TG.idx

("C:\Users\carlo\AppData\Local\Programs\MiKTeX 2.9\tex/latex/fancyhdr\fancyhdr.
sty"
Package: fancyhdr 2019/01/31 v3.10 Extensive control of page headers and footer
s
\f@nch@headwidth=\skip54
\f@nch@O@elh=\skip55
\f@nch@O@erh=\skip56
\f@nch@O@olh=\skip57
\f@nch@O@orh=\skip58
\f@nch@O@elf=\skip59
\f@nch@O@erf=\skip60
\f@nch@O@olf=\skip61
\f@nch@O@orf=\skip62
)
("C:\Users\carlo\AppData\Local\Programs\MiKTeX 2.9\tex/latex/titlesec\titlesec.
sty"
Package: titlesec 2019/10/16 v2.13 Sectioning titles
\ttl@box=\box97
\beforetitleunit=\skip63
\aftertitleunit=\skip64
\ttl@plus=\dimen165
\ttl@minus=\dimen166
\ttl@toksa=\toks30
\titlewidth=\dimen167
\titlewidthlast=\dimen168
\titlewidthfirst=\dimen169
)
("C:\Users\carlo\AppData\Local\Programs\MiKTeX 2.9\tex/latex/titlesec\titletoc.
sty"
Package: titletoc 2019/10/16 v2.13 TOC entries
\ttl@leftsep=\dimen170
)
("C:\Users\carlo\AppData\Local\Programs\MiKTeX 2.9\tex/latex/base\alltt.sty"
Package: alltt 1997/06/16 v2.0g defines alltt environment
)
("C:\Users\carlo\AppData\Local\Programs\MiKTeX 2.9\tex/latex/hyperref\hyperref.
sty"
Package: hyperref 2020/01/14 v7.00d Hypertext links for LaTeX

("C:\Users\carlo\AppData\Local\Programs\MiKTeX 2.9\tex/generic/ltxcmds\ltxcmds.
sty"
Package: ltxcmds 2019/12/15 v1.24 LaTeX kernel commands for general use (HO)
)
("C:\Users\carlo\AppData\Local\Programs\MiKTeX 2.9\tex/latex/pdftexcmds\pdftexc
mds.sty"
Package: pdftexcmds 2019/11/24 v0.31 Utility functions of pdfTeX for LuaTeX (HO
)

("C:\Users\carlo\AppData\Local\Programs\MiKTeX 2.9\tex/generic/infwarerr\infwar
err.sty"
Package: infwarerr 2019/12/03 v1.5 Providing info/warning/error messages (HO)
)
Package pdftexcmds Info: \pdf@primitive is available.
Package pdftexcmds Info: \pdf@ifprimitive is available.
Package pdftexcmds Info: \pdfdraftmode found.
)
("C:\Users\carlo\AppData\Local\Programs\MiKTeX 2.9\tex/generic/kvsetkeys\kvsetk
eys.sty"
Package: kvsetkeys 2019/12/15 v1.18 Key value parser (HO)
)
("C:\Users\carlo\AppData\Local\Programs\MiKTeX 2.9\tex/generic/kvdefinekeys\kvd
efinekeys.sty"
Package: kvdefinekeys 2019-12-19 v1.6 Define keys (HO)
)
("C:\Users\carlo\AppData\Local\Programs\MiKTeX 2.9\tex/generic/pdfescape\pdfesc
ape.sty"
Package: pdfescape 2019/12/09 v1.15 Implements pdfTeX's escape features (HO)
)
("C:\Users\carlo\AppData\Local\Programs\MiKTeX 2.9\tex/latex/hycolor\hycolor.st
y"
Package: hycolor 2020-01-27 v1.10 Color options for hyperref/bookmark (HO)
)
("C:\Users\carlo\AppData\Local\Programs\MiKTeX 2.9\tex/latex/letltxmacro\letltx
macro.sty"
Package: letltxmacro 2019/12/03 v1.6 Let assignment for LaTeX macros (HO)
)
("C:\Users\carlo\AppData\Local\Programs\MiKTeX 2.9\tex/latex/auxhook\auxhook.st
y"
Package: auxhook 2019-12-17 v1.6 Hooks for auxiliary files (HO)
)
("C:\Users\carlo\AppData\Local\Programs\MiKTeX 2.9\tex/latex/kvoptions\kvoption
s.sty"
Package: kvoptions 2019/11/29 v3.13 Key value format for package options (HO)
)
\@linkdim=\dimen171
\Hy@linkcounter=\count274
\Hy@pagecounter=\count275

("C:\Users\carlo\AppData\Local\Programs\MiKTeX 2.9\tex/latex/hyperref\pd1enc.de
f"
File: pd1enc.def 2020/01/14 v7.00d Hyperref: PDFDocEncoding definition (HO)
Now handling font encoding PD1 ...
... no UTF-8 mapping file for font encoding PD1
)
("C:\Users\carlo\AppData\Local\Programs\MiKTeX 2.9\tex/generic/intcalc\intcalc.
sty"
Package: intcalc 2019/12/15 v1.3 Expandable calculations with integers (HO)
)
("C:\Users\carlo\AppData\Local\Programs\MiKTeX 2.9\tex/generic/etexcmds\etexcmd
s.sty"
Package: etexcmds 2019/12/15 v1.7 Avoid name clashes with e-TeX commands (HO)
)
\Hy@SavedSpaceFactor=\count276
Package hyperref Info: Option `bookmarksnumbered' set `true' on input line 4421
.
Package hyperref Info: Hyper figures OFF on input line 4547.
Package hyperref Info: Link nesting OFF on input line 4552.
Package hyperref Info: Hyper index ON on input line 4555.
Package hyperref Info: Plain pages OFF on input line 4562.
Package hyperref Info: Backreferencing OFF on input line 4567.
Package hyperref Info: Implicit mode ON; LaTeX internals redefined.
Package hyperref Info: Bookmarks ON on input line 4800.
\c@Hy@tempcnt=\count277
 ("C:\Users\carlo\AppData\Local\Programs\MiKTeX 2.9\tex/latex/url\url.sty"
\Urlmuskip=\muskip17
Package: url 2013/09/16  ver 3.4  Verb mode for urls, etc.
)
LaTeX Info: Redefining \url on input line 5159.
\XeTeXLinkMargin=\dimen172

("C:\Users\carlo\AppData\Local\Programs\MiKTeX 2.9\tex/generic/bitset\bitset.st
y"
Package: bitset 2019/12/09 v1.3 Handle bit-vector datatype (HO)

("C:\Users\carlo\AppData\Local\Programs\MiKTeX 2.9\tex/generic/bigintcalc\bigin
tcalc.sty"
Package: bigintcalc 2019/12/15 v1.5 Expandable calculations on big integers (HO
)
))
\Fld@menulength=\count278
\Field@Width=\dimen173
\Fld@charsize=\dimen174
Package hyperref Info: Hyper figures OFF on input line 6430.
Package hyperref Info: Link nesting OFF on input line 6435.
Package hyperref Info: Hyper index ON on input line 6438.
Package hyperref Info: backreferencing OFF on input line 6445.
Package hyperref Info: Link coloring OFF on input line 6450.
Package hyperref Info: Link coloring with OCG OFF on input line 6455.
Package hyperref Info: PDF/A mode OFF on input line 6460.
LaTeX Info: Redefining \ref on input line 6500.
LaTeX Info: Redefining \pageref on input line 6504.

("C:\Users\carlo\AppData\Local\Programs\MiKTeX 2.9\tex/generic/atbegshi\atbegsh
i.sty"
Package: atbegshi 2019/12/05 v1.19 At begin shipout hook (HO)
)
\Hy@abspage=\count279
\c@Item=\count280
\c@Hfootnote=\count281
)
Package hyperref Info: Driver: hpdftex.

("C:\Users\carlo\AppData\Local\Programs\MiKTeX 2.9\tex/latex/hyperref\hpdftex.d
ef"
File: hpdftex.def 2020/01/14 v7.00d Hyperref driver for pdfTeX

("C:\Users\carlo\AppData\Local\Programs\MiKTeX 2.9\tex/latex/atveryend\atveryen
d.sty"
Package: atveryend 2019-12-11 v1.11 Hooks at the very end of document (HO)
Package atveryend Info: \enddocument detected (standard20110627).
)
\Fld@listcount=\count282
\c@bookmark@seq@number=\count283

("C:\Users\carlo\AppData\Local\Programs\MiKTeX 2.9\tex/latex/rerunfilecheck\rer
unfilecheck.sty"
Package: rerunfilecheck 2019/12/05 v1.9 Rerun checks for auxiliary files (HO)

("C:\Users\carlo\AppData\Local\Programs\MiKTeX 2.9\tex/generic/uniquecounter\un
iquecounter.sty"
Package: uniquecounter 2019/12/15 v1.4 Provide unlimited unique counter (HO)
)
Package uniquecounter Info: New unique counter `rerunfilecheck' on input line 2
86.
)
\Hy@SectionHShift=\skip65
)
("C:\Users\carlo\AppData\Local\Programs\MiKTeX 2.9\tex/latex/minitoc\minitoc.st
y"
Package: minitoc 2018/07/12 v62 Package minitoc

("C:\Users\carlo\AppData\Local\Programs\MiKTeX 2.9\tex/latex/minitoc\mtcmess.st
y"
Package: mtcmess 2006/03/14
)
Package minitoc Info: I0001
(minitoc)             *** minitoc package, version 62 ***.
\tf@mtc=\write4
\mtcindent=\skip66
\mtcskipamount=\skip67
Package minitoc Info: I0005
(minitoc)             compatible with hyperref.
Package minitoc Info: I0023
(minitoc)             part level macros available.
Package minitoc Info: I0003
(minitoc)             chapter level macros available.
\mtc@toks=\toks31
\mtc@strutbox=\box98
\mtc@hstrutbox=\box99
Package minitoc Info: I0002
(minitoc)             Autoconfiguration of extensions.
\openout4 = `Documento_TG.mtc0'.

\openout4 = `Documento_TG.mtc'.

 (Documento_TG.mtc0)
Package minitoc Info: I0012
(minitoc)             Long extensions (Unix-like) will be used.
Package minitoc Info: I0031
(minitoc)             ==> this version is configured for UNIX-like 
(minitoc)                 (long extensions) file names.
\openout4 = `Documento_TG.mtc'.

\openout4 = `Documento_TG.mtc0'.

\c@mtc=\count284
\c@minitocdepth=\count285
\c@ptc=\count286
\c@parttocdepth=\count287
\ptcindent=\skip68
Package minitoc Info: I0010
(minitoc)             The english language is selected.
(minitoc)              on input line 4910.

("C:\Users\carlo\AppData\Local\Programs\MiKTeX 2.9\tex/latex/minitoc\english.ml
d"
File: english.mld 2006/01/13
)
("C:\Users\carlo\AppData\Local\Programs\MiKTeX 2.9\tex/latex/minitoc\english.ml
d"
File: english.mld 2006/01/13
))
("C:\Users\carlo\AppData\Local\Programs\MiKTeX 2.9\tex/latex/listings\listings.
sty"
\lst@mode=\count288
\lst@gtempboxa=\box100
\lst@token=\toks32
\lst@length=\count289
\lst@currlwidth=\dimen175
\lst@column=\count290
\lst@pos=\count291
\lst@lostspace=\dimen176
\lst@width=\dimen177
\lst@newlines=\count292
\lst@lineno=\count293
\lst@maxwidth=\dimen178

("C:\Users\carlo\AppData\Local\Programs\MiKTeX 2.9\tex/latex/listings\lstmisc.s
ty"
File: lstmisc.sty 2020/03/24 1.8d (Carsten Heinz)
\c@lstnumber=\count294
\lst@skipnumbers=\count295
\lst@framebox=\box101
)
("C:\Users\carlo\AppData\Local\Programs\MiKTeX 2.9\tex/latex/listings\listings.
cfg"
File: listings.cfg 2020/03/24 1.8d listings configuration
))
Package: listings 2020/03/24 1.8d (Carsten Heinz)

("C:\Users\carlo\AppData\Local\Programs\MiKTeX 2.9\tex/latex/listings\lstlang1.
sty"
File: lstlang1.sty 2020/03/24 1.8d listings language file
) ("C:\Users\carlo\AppData\Local\Programs\MiKTeX 2.9\tex/latex/tipa\tipa.sty"
Package: tipa 2002/08/08 TIPA version 1.1
 ("C:\Users\carlo\AppData\Local\Programs\MiKTeX 2.9\tex/latex/base\fontenc.sty"
Package: fontenc 2020/02/11 v2.0o Standard LaTeX package
 ("C:\Users\carlo\AppData\Local\Programs\MiKTeX 2.9\tex/latex/tipa\t3enc.def"
File: t3enc.def 2001/12/31 T3 encoding
Now handling font encoding T3 ...
... no UTF-8 mapping file for font encoding T3
LaTeX Font Info:    Trying to load font information for T1+cmss on input line 3
57.
("C:\Users\carlo\AppData\Local\Programs\MiKTeX 2.9\tex/latex/base\t1cmss.fd"
File: t1cmss.fd 2019/12/16 v2.5j Standard LaTeX font definitions
))))
("C:\Users\carlo\AppData\Local\Programs\MiKTeX 2.9\tex/latex/tools\longtable.st
y"
Package: longtable 2020/01/07 v4.13 Multi-page Table package (DPC)
\LTleft=\skip69
\LTright=\skip70
\LTpre=\skip71
\LTpost=\skip72
\LTchunksize=\count296
\LTcapwidth=\dimen179
\LT@head=\box102
\LT@firsthead=\box103
\LT@foot=\box104
\LT@lastfoot=\box105
\LT@cols=\count297
\LT@rows=\count298
\c@LT@tables=\count299
\c@LT@chunks=\count300
\LT@p@ftn=\toks33
)
("C:\Users\carlo\AppData\Local\Programs\MiKTeX 2.9\tex/latex/xcolor\xcolor.sty"
Package: xcolor 2016/05/11 v2.12 LaTeX color extensions (UK)

("C:\Users\carlo\AppData\Local\Programs\MiKTeX 2.9\tex/latex/graphics-cfg\color
.cfg"
File: color.cfg 2016/01/02 v1.6 sample color configuration
)
Package xcolor Info: Driver file: pdftex.def on input line 225.
Package xcolor Info: Model `cmy' substituted by `cmy0' on input line 1348.
Package xcolor Info: Model `hsb' substituted by `rgb' on input line 1352.
Package xcolor Info: Model `RGB' extended on input line 1364.
Package xcolor Info: Model `HTML' substituted by `rgb' on input line 1366.
Package xcolor Info: Model `Hsb' substituted by `hsb' on input line 1367.
Package xcolor Info: Model `tHsb' substituted by `hsb' on input line 1368.
Package xcolor Info: Model `HSB' substituted by `hsb' on input line 1369.
Package xcolor Info: Model `Gray' substituted by `gray' on input line 1370.
Package xcolor Info: Model `wave' substituted by `hsb' on input line 1371.
)
("C:\Users\carlo\AppData\Local\Programs\MiKTeX 2.9\tex/latex/colortbl\colortbl.
sty"
Package: colortbl 2020/01/04 v1.0e Color table columns (DPC)

("C:\Users\carlo\AppData\Local\Programs\MiKTeX 2.9\tex/latex/tools\array.sty"
Package: array 2019/08/31 v2.4l Tabular extension package (FMi)
\col@sep=\dimen180
\ar@mcellbox=\box106
\extrarowheight=\dimen181
\NC@list=\toks34
\extratabsurround=\skip73
\backup@length=\skip74
\ar@cellbox=\box107
)
\everycr=\toks35
\minrowclearance=\skip75
))
("C:\Users\carlo\AppData\Local\Programs\MiKTeX 2.9\tex/latex/emptypage\emptypag
e.sty"
Package: emptypage 2010/05/30 v1.2 Suppress page numbers and headings on empty 
pages
) (COMANDOS.tex
Package minitoc Info: I0024
(minitoc)             PREPARING MINITOCS FROM Documento_TG.toc on input line 14
5.
Package minitoc Info: I0033
(minitoc)             Writing Documento_TG.mtc1.
\openout4 = `Documento_TG.mtc1'.

Package minitoc Info: I0033
(minitoc)             Writing Documento_TG.mtc2.
\openout4 = `Documento_TG.mtc2'.

Package minitoc Info: I0033
(minitoc)             Writing Documento_TG.mtc3.
\openout4 = `Documento_TG.mtc3'.

Package minitoc Info: I0033
(minitoc)             Writing Documento_TG.mtc4.
\openout4 = `Documento_TG.mtc4'.

Package minitoc Info: I0033
(minitoc)             Writing Documento_TG.mtc5.
\openout4 = `Documento_TG.mtc5'.

Package minitoc Info: I0033
(minitoc)             Writing Documento_TG.mtc6.
\openout4 = `Documento_TG.mtc6'.

Package minitoc Info: I0033
(minitoc)             Writing Documento_TG.mtc7.
\openout4 = `Documento_TG.mtc7'.

) (ENTORNO.tex
\parskipenv=\skip76
\parindentenv=\skip77
\c@itemnumber=\count301
) (ESTILO_PAGINA.tex
\realoddsidemargin=\skip78
\realevensidemargin=\skip79
\realtopmargin=\skip80
)
("C:\Users\carlo\AppData\Local\Programs\MiKTeX 2.9\tex/latex/l3backend\l3backen
d-pdfmode.def"
File: l3backend-pdfmode.def 2020-03-12 L3 backend support: PDF mode
\l__kernel_color_stack_int=\count302
\l__pdf_internal_box=\box108
) (Documento_TG.aux
LaTeX Info: Redefining \. on input line 24.
LaTeX Info: Redefining \% on input line 24.


LaTeX Warning: Label `fig:dGeneral' multiply defined.


LaTeX Warning: Label `tab:addlabel' multiply defined.


LaTeX Warning: Label `tab:addlabel' multiply defined.


LaTeX Warning: Label `tab:addlabel' multiply defined.


LaTeX Warning: Label `tab:addlabel' multiply defined.


LaTeX Warning: Label `fig:DBAlimentacion' multiply defined.


LaTeX Warning: Label `fig:DBAlimentacion' multiply defined.


LaTeX Warning: Label `fig:DBAlimentacion' multiply defined.


LaTeX Warning: Label `fig:DBAlimentacion' multiply defined.


LaTeX Warning: Label `fig:DBAlimentacion' multiply defined.


LaTeX Warning: Label `fig:DBAlimentacion' multiply defined.

)
\openout1 = `Documento_TG.aux'.

LaTeX Font Info:    Checking defaults for OML/cmm/m/it on input line 22.
LaTeX Font Info:    ... okay on input line 22.
LaTeX Font Info:    Checking defaults for OMS/cmsy/m/n on input line 22.
LaTeX Font Info:    ... okay on input line 22.
LaTeX Font Info:    Checking defaults for OT1/cmr/m/n on input line 22.
LaTeX Font Info:    ... okay on input line 22.
LaTeX Font Info:    Checking defaults for T1/cmr/m/n on input line 22.
LaTeX Font Info:    ... okay on input line 22.
LaTeX Font Info:    Checking defaults for TS1/cmr/m/n on input line 22.
LaTeX Font Info:    ... okay on input line 22.
LaTeX Font Info:    Checking defaults for OMX/cmex/m/n on input line 22.
LaTeX Font Info:    ... okay on input line 22.
LaTeX Font Info:    Checking defaults for U/cmr/m/n on input line 22.
LaTeX Font Info:    ... okay on input line 22.
LaTeX Font Info:    Checking defaults for PD1/pdf/m/n on input line 22.
LaTeX Font Info:    ... okay on input line 22.
LaTeX Font Info:    Checking defaults for T3/cmr/m/n on input line 22.
LaTeX Font Info:    Trying to load font information for T3+cmr on input line 22
.
 ("C:\Users\carlo\AppData\Local\Programs\MiKTeX 2.9\tex/latex/tipa\t3cmr.fd"
File: t3cmr.fd 2001/12/31 TIPA font definitions
)
LaTeX Font Info:    ... okay on input line 22.
LaTeX Font Info:    Trying to load font information for T1+phv on input line 22
.

("C:\Users\carlo\AppData\Local\Programs\MiKTeX 2.9\tex/latex/psnfss\t1phv.fd"
File: t1phv.fd 2020/03/25 scalable font definitions for T1/phv.
)
LaTeX Info: Redefining \. on input line 22.
LaTeX Info: Redefining \% on input line 22.

("C:\Users\carlo\AppData\Local\Programs\MiKTeX 2.9\tex/context/base/mkii\supp-p
df.mkii"
[Loading MPS to PDF converter (version 2006.09.02).]
\scratchcounter=\count303
\scratchdimen=\dimen182
\scratchbox=\box109
\nofMPsegments=\count304
\nofMParguments=\count305
\everyMPshowfont=\toks36
\MPscratchCnt=\count306
\MPscratchDim=\dimen183
\MPnumerator=\count307
\makeMPintoPDFobject=\count308
\everyMPtoPDFconversion=\toks37
)
("C:\Users\carlo\AppData\Local\Programs\MiKTeX 2.9\tex/latex/epstopdf-pkg\epsto
pdf-base.sty"
Package: epstopdf-base 2020-01-24 v2.11 Base part for package epstopdf
Package epstopdf-base Info: Redefining graphics rule for `.eps' on input line 4
85.
)
Package caption Info: Begin \AtBeginDocument code.
Package caption Info: float package is loaded.
Package caption Info: hyperref package is loaded.
Package caption Info: listings package is loaded.
Package caption Info: longtable package is loaded.

("C:\Users\carlo\AppData\Local\Programs\MiKTeX 2.9\tex/latex/caption\ltcaption.
sty"
Package: ltcaption 2018/08/26 v1.4a longtable captions (AR)
)
Package caption Info: wrapfig package is loaded.
Package caption Info: End \AtBeginDocument code.
\AtBeginShipoutBox=\box110
Package hyperref Info: Link coloring OFF on input line 22.

("C:\Users\carlo\AppData\Local\Programs\MiKTeX 2.9\tex/latex/hyperref\nameref.s
ty"
Package: nameref 2019/09/16 v2.46 Cross-referencing by name of section

("C:\Users\carlo\AppData\Local\Programs\MiKTeX 2.9\tex/latex/refcount\refcount.
sty"
Package: refcount 2019/12/15 v3.6 Data extraction from label references (HO)
)
("C:\Users\carlo\AppData\Local\Programs\MiKTeX 2.9\tex/generic/gettitlestring\g
ettitlestring.sty"
Package: gettitlestring 2019/12/15 v1.6 Cleanup title references (HO)
)
\c@section@level=\count309
)
LaTeX Info: Redefining \ref on input line 22.
LaTeX Info: Redefining \pageref on input line 22.
LaTeX Info: Redefining \nameref on input line 22.
 (Documento_TG.out) (Documento_TG.out)
\@outlinefile=\write5
\openout5 = `Documento_TG.out'.

Package minitoc(hints) Info: I0049
(minitoc(hints))             ==> You requested the hints option. 
(minitoc(hints))             Some hints are eventually given below.


Package minitoc(hints) Warning: W0099
(minitoc(hints))                --- The titlesec package is loaded. 
(minitoc(hints))                It is incompatible 
(minitoc(hints))                with the minitoc package.


Package minitoc(hints) Warning: W0040
(minitoc(hints))                --- The titletoc package is loaded. 
(minitoc(hints))                It is incompatible 
(minitoc(hints))                with the minitoc package.


Package minitoc(hints) Warning: W0030
(minitoc(hints))                --- The \part command is altered 
(minitoc(hints))                after minitoc.


Package minitoc(hints) Warning: W0023
(minitoc(hints))                --- It may be the consequence 
(minitoc(hints))                of loading the ``hyperref'' package.


Package minitoc(hints) Warning: W0028
(minitoc(hints))                --- The \chapter command is altered 
(minitoc(hints))                after minitoc.


Package minitoc(hints) Warning: W0023
(minitoc(hints))                --- It may be the consequence 
(minitoc(hints))                of loading the ``hyperref'' package.

\c@lstlisting=\count310
(Portada.tex
<Figuras/Logo_EIA.jpeg, id=127, 253.94875pt x 195.73125pt>
File: Figuras/Logo_EIA.jpeg Graphic file (type jpg)
<use Figuras/Logo_EIA.jpeg>
Package pdftex.def Info: Figuras/Logo_EIA.jpeg  used on input line 50.
(pdftex.def)             Requested size: 253.94812pt x 195.73076pt.
 [1


{C:/Users/carlo/AppData/Local/MiKTeX/2.9/pdftex/config/pdftex.map} <./Figuras/L
ogo_EIA.jpeg>] [2


]) (Tabla_Contenido.tex (Documento_TG.toc
LaTeX Info: Redefining \. on input line 1.
LaTeX Info: Redefining \% on input line 1.
LaTeX Font Info:    Trying to load font information for U+msa on input line 3.

("C:\Users\carlo\AppData\Local\Programs\MiKTeX 2.9\tex/latex/amsfonts\umsa.fd"
File: umsa.fd 2013/01/14 v3.01 AMS symbols A
)
LaTeX Font Info:    Trying to load font information for U+msb on input line 3.
("C:\Users\carlo\AppData\Local\Programs\MiKTeX 2.9\tex/latex/amsfonts\umsb.fd"
File: umsb.fd 2013/01/14 v3.01 AMS symbols B
)
LaTeX Font Info:    Trying to load font information for U+lasy on input line 3.

("C:\Users\carlo\AppData\Local\Programs\MiKTeX 2.9\tex/latex/base\ulasy.fd"
File: ulasy.fd 1998/08/17 v2.2e LaTeX symbol font definitions
)
[3

])
\tf@toc=\write6
\openout6 = `Documento_TG.toc'.

LaTeX Info: Redefining \. on input line 28.
LaTeX Info: Redefining \% on input line 28.
 [4]) (Tabla_Figuras.tex (Documento_TG.lof
LaTeX Info: Redefining \. on input line 1.
LaTeX Info: Redefining \% on input line 1.
)
\tf@lof=\write7
\openout7 = `Documento_TG.lof'.

 [5


] [6

]) (Tabla_Tablas.tex
(Documento_TG.lot
LaTeX Info: Redefining \. on input line 1.
LaTeX Info: Redefining \% on input line 1.
)
\tf@lot=\write8
\openout8 = `Documento_TG.lot'.

 [7

] [8

]) (Introduccion.tex) (Preliminares.tex [1

] [2

]
Cap\'{\i }tulo 1.
\openout4 = `Documento_TG.mtc'.

\openout4 = `Documento_TG.mtc'.

(Documento_TG.mtc1) [3] [4]
LaTeX Info: Redefining \. on input line 47.
LaTeX Info: Redefining \% on input line 47.
 [5] [6]
LaTeX Info: Redefining \. on input line 68.
LaTeX Info: Redefining \% on input line 68.
 [7] [8

]) (Metodologia.tex
Cap\'{\i }tulo 2.
\openout4 = `Documento_TG.mtc'.

\openout4 = `Documento_TG.mtc'.

(Documento_TG.mtc2) [9

] [10]) (Desarrollo.tex
Cap\'{\i }tulo 3.
\openout4 = `Documento_TG.mtc'.

\openout4 = `Documento_TG.mtc'.

(Documento_TG.mtc3) [11


]
<Figuras/Diagrama.jpg, id=302, 1422.81563pt x 853.68938pt>
File: Figuras/Diagrama.jpg Graphic file (type jpg)
<use Figuras/Diagrama.jpg>
Package pdftex.def Info: Figuras/Diagrama.jpg  used on input line 40.
(pdftex.def)             Requested size: 569.11618pt x 341.4697pt.

Overfull \hbox (142.32484pt too wide) in paragraph at lines 40--41
 [][] 
 []


Underfull \hbox (badness 10000) in paragraph at lines 61--61
[]|\T1/phv/m/n/10 Unidades
 []


Overfull \hbox (62.29227pt too wide) in paragraph at lines 61--63
 [][][] 
 []

[12 <./Figuras/Diagrama.jpg>]
<Figuras/SistemaGeneral.jpg, id=307, 963.6pt x 542.025pt>
File: Figuras/SistemaGeneral.jpg Graphic file (type jpg)
<use Figuras/SistemaGeneral.jpg>
Package pdftex.def Info: Figuras/SistemaGeneral.jpg  used on input line 74.
(pdftex.def)             Requested size: 481.79883pt x 271.01183pt.

Overfull \hbox (55.00749pt too wide) in paragraph at lines 74--75
 [][] 
 []

LaTeX Info: Redefining \. on input line 78.
LaTeX Info: Redefining \% on input line 78.
[13]
<Figuras/Empacador.png, id=312, 426.09187pt x 462.22687pt>
File: Figuras/Empacador.png Graphic file (type png)
<use Figuras/Empacador.png>
Package pdftex.def Info: Figuras/Empacador.png  used on input line 85.
(pdftex.def)             Requested size: 426.09082pt x 462.22574pt.
 [14 <./Figuras/SistemaGeneral.jpg>]
LaTeX Info: Redefining \. on input line 91.
LaTeX Info: Redefining \% on input line 91.
 [15 <./Figuras/Empacador.png>]
<Figuras/Matriz_Clasificacion.png, id=323, 336.50719pt x 409.53pt>
File: Figuras/Matriz_Clasificacion.png Graphic file (type png)
<use Figuras/Matriz_Clasificacion.png>
Package pdftex.def Info: Figuras/Matriz_Clasificacion.png  used on input line 1
03.
(pdftex.def)             Requested size: 336.50635pt x 409.52899pt.

[16]
LaTeX Info: Redefining \. on input line 112.
LaTeX Info: Redefining \% on input line 112.
 [17 <./Figuras/Matriz_Clasificacion.png>]
<Figuras/MMCapuchon.jpg, id=334, 331.99031pt x 480.29437pt>
File: Figuras/MMCapuchon.jpg Graphic file (type jpg)
<use Figuras/MMCapuchon.jpg>
Package pdftex.def Info: Figuras/MMCapuchon.jpg  used on input line 120.
(pdftex.def)             Requested size: 331.98949pt x 480.29318pt.
 [18]
LaTeX Info: Redefining \. on input line 125.
LaTeX Info: Redefining \% on input line 125.
 [19 <./Figuras/MMCapuchon.jpg>] [20]
<Figuras/MatrizCartesiana.png, id=347, 335.75438pt x 411.78844pt>
File: Figuras/MatrizCartesiana.png Graphic file (type png)
<use Figuras/MatrizCartesiana.png>
Package pdftex.def Info: Figuras/MatrizCartesiana.png  used on input line 135.
(pdftex.def)             Requested size: 335.75356pt x 411.78741pt.
LaTeX Info: Redefining \. on input line 139.
LaTeX Info: Redefining \% on input line 139.
 [21] [22 <./Figuras/MatrizCartesiana.png>]
Underfull \hbox (badness 10000) in paragraph at lines 266--266
[]|\T1/phv/m/n/10 Integración
 []


Underfull \hbox (badness 4168) in paragraph at lines 266--266
\T1/phv/m/n/10 en-tre com-
 []


Underfull \hbox (badness 10000) in paragraph at lines 266--266
[]|\T1/phv/m/n/10 Presición
 []


Underfull \hbox (badness 2111) in paragraph at lines 266--266
\T1/phv/m/n/10 en Po-si-cio-
 []


Underfull \hbox (badness 10000) in paragraph at lines 266--266
[]|\T1/phv/m/n/10 Suavidad
 []


Underfull \hbox (badness 10000) in paragraph at lines 266--266
\T1/phv/m/n/10 de mo-vi-
 []


Overfull \hbox (8.68942pt too wide) in paragraph at lines 266--266
[]|\T1/phv/m/n/10 Disponibilidad| 
 []


Overfull \hbox (12.02924pt too wide) in paragraph at lines 266--266
[]|\T1/phv/m/n/10 Mantenimiento| 
 []


Overfull \hbox (47.66704pt too wide) in paragraph at lines 266--268
 [][][] 
 []

LaTeX Info: Redefining \. on input line 268.
LaTeX Info: Redefining \% on input line 268.
[23]
Underfull \hbox (badness 10000) in paragraph at lines 396--396
[]|\T1/phv/m/n/10 Integración
 []


Underfull \hbox (badness 4168) in paragraph at lines 396--396
\T1/phv/m/n/10 en-tre com-
 []


Underfull \hbox (badness 10000) in paragraph at lines 396--396
[]|\T1/phv/m/n/10 Capacidad
 []


Underfull \hbox (badness 10000) in paragraph at lines 396--396
[]|\T1/phv/m/n/10 Capacidad
 []


Underfull \hbox (badness 10000) in paragraph at lines 396--396
\T1/phv/m/n/10 de adap-
 []


Underfull \hbox (badness 10000) in paragraph at lines 396--396
\T1/phv/m/n/10 ta-ción en
 []


Underfull \hbox (badness 10000) in paragraph at lines 396--396
\T1/phv/m/n/10 cla-si-fi-ca-
 []


Underfull \hbox (badness 10000) in paragraph at lines 396--396
[]|\T1/phv/m/n/10 Calidad
 []


Overfull \hbox (8.68942pt too wide) in paragraph at lines 396--396
[]|\T1/phv/m/n/10 Disponibilidad| 
 []


Underfull \hbox (badness 10000) in paragraph at lines 396--396
\T1/phv/m/n/10 vi-sua-li-za-
 []


Overfull \hbox (47.66704pt too wide) in paragraph at lines 396--398
 [][][] 
 []

[24]
Underfull \hbox (badness 10000) in paragraph at lines 499--499
[]|\T1/phv/b/n/10 Criterio de
 []


Underfull \hbox (badness 10000) in paragraph at lines 499--499
[]|\T1/phv/m/n/10 Integración
 []


Underfull \hbox (badness 10000) in paragraph at lines 499--499
\T1/phv/m/n/10 en-tre com-
 []


Overfull \hbox (4.38934pt too wide) in paragraph at lines 499--499
[]|\T1/phv/m/n/10 Disponibilidad| 
 []


Underfull \hbox (badness 1910) in paragraph at lines 499--499
[]|\T1/phv/m/n/10 Facilidad de
 []


Underfull \hbox (badness 1910) in paragraph at lines 499--499
[]|\T1/phv/m/n/10 Facilidad de
 []


Overfull \hbox (51.53708pt too wide) in paragraph at lines 499--501
 [][][] 
 []


Underfull \hbox (badness 10000) in paragraph at lines 602--602
[]|\T1/phv/b/n/10 Criterio de
 []


Underfull \hbox (badness 10000) in paragraph at lines 602--602
[]|\T1/phv/m/n/10 Integración
 []


Underfull \hbox (badness 10000) in paragraph at lines 602--602
\T1/phv/m/n/10 en-tre com-
 []


Overfull \hbox (4.38934pt too wide) in paragraph at lines 602--602
[]|\T1/phv/m/n/10 Disponibilidad| 
 []


Underfull \hbox (badness 1910) in paragraph at lines 602--602
[]|\T1/phv/m/n/10 Facilidad de
 []


Underfull \hbox (badness 1910) in paragraph at lines 602--602
[]|\T1/phv/m/n/10 Facilidad de
 []


Overfull \hbox (51.53708pt too wide) in paragraph at lines 602--604
 [][][] 
 []

LaTeX Info: Redefining \. on input line 605.
LaTeX Info: Redefining \% on input line 605.
[25]
<Figuras/Alimentacion.jpg, id=370, 963.6pt x 542.025pt>
File: Figuras/Alimentacion.jpg Graphic file (type jpg)
<use Figuras/Alimentacion.jpg>
Package pdftex.def Info: Figuras/Alimentacion.jpg  used on input line 612.
(pdftex.def)             Requested size: 385.43317pt x 216.80615pt.
 [26]
<Figuras/PreparadorTallo.jpg, id=375, 963.6pt x 542.025pt>
File: Figuras/PreparadorTallo.jpg Graphic file (type jpg)
<use Figuras/PreparadorTallo.jpg>
Package pdftex.def Info: Figuras/PreparadorTallo.jpg  used on input line 619.
(pdftex.def)             Requested size: 385.43317pt x 216.80615pt.
<Figuras/EmpacadorBoton.jpg, id=376, 963.6pt x 542.025pt>
File: Figuras/EmpacadorBoton.jpg Graphic file (type jpg)
<use Figuras/EmpacadorBoton.jpg>
Package pdftex.def Info: Figuras/EmpacadorBoton.jpg  used on input line 625.
(pdftex.def)             Requested size: 385.43317pt x 216.80615pt.
<Figuras/PreparadorCapuchon.jpg, id=377, 963.6pt x 542.025pt>
File: Figuras/PreparadorCapuchon.jpg Graphic file (type jpg)
<use Figuras/PreparadorCapuchon.jpg>
Package pdftex.def Info: Figuras/PreparadorCapuchon.jpg  used on input line 631
.
(pdftex.def)             Requested size: 481.79883pt x 271.01183pt.

Overfull \hbox (55.00749pt too wide) in paragraph at lines 631--632
 [][] 
 []

LaTeX Info: Redefining \. on input line 634.
LaTeX Info: Redefining \% on input line 634.
[27 <./Figuras/Alimentacion.jpg> <./Figuras/PreparadorTallo.jpg>]
<Figuras/SeparadorClasificacion.png, id=382, 963.6pt x 542.025pt>
File: Figuras/SeparadorClasificacion.png Graphic file (type png)
<use Figuras/SeparadorClasificacion.png>
Package pdftex.def Info: Figuras/SeparadorClasificacion.png  used on input line
 639.
(pdftex.def)             Requested size: 385.43317pt x 216.80615pt.
 [28 <./Figuras/EmpacadorBoton.jpg> <./Figuras/PreparadorCapuchon.jpg>]
<Figuras/AdquisicionImagen.jpg, id=387, 963.6pt x 542.025pt>
File: Figuras/AdquisicionImagen.jpg Graphic file (type jpg)
<use Figuras/AdquisicionImagen.jpg>
Package pdftex.def Info: Figuras/AdquisicionImagen.jpg  used on input line 646.

(pdftex.def)             Requested size: 385.43317pt x 216.80615pt.
<Figuras/Monitoreador.jpg, id=388, 963.6pt x 542.025pt>
File: Figuras/Monitoreador.jpg Graphic file (type jpg)
<use Figuras/Monitoreador.jpg>
Package pdftex.def Info: Figuras/Monitoreador.jpg  used on input line 653.
(pdftex.def)             Requested size: 385.43317pt x 216.80615pt.
LaTeX Info: Redefining \. on input line 657.
LaTeX Info: Redefining \% on input line 657.
 [29 <./Figuras/SeparadorClasificacion.png> <./Figuras/AdquisicionImagen.jpg>] 
[30 <./Figuras/Monitoreador.jpg>]) (Resultados.tex
Cap\'{\i }tulo 4.
\openout4 = `Documento_TG.mtc'.

\openout4 = `Documento_TG.mtc'.

(Documento_TG.mtc4) [31


] [32

]) (Conclusiones.tex [33

] [34

]) (Anexos.tex
Ap\'{e}ndice A.
\openout4 = `Documento_TG.mtc'.

\openout4 = `Documento_TG.mtc'.

(Documento_TG.mtc6) [35

] [36

]) (Bibliografia.tex (Documento_TG.bbl

LaTeX Warning: Empty `thebibliography' environment on input line 5.

) [37


] [38

])
Package minitoc Info: I0009
(minitoc)             Listing minitoc auxiliary files. 
(minitoc)             Creating the Documento_TG.maf file.
\openout4 = `Documento_TG.maf'.

Package minitoc(hints) Info: I0053
(minitoc(hints))             You have loaded the float package; 
(minitoc(hints))             please be aware that the minitoc package 
(minitoc(hints))             facilities can not be used for new types 
(minitoc(hints))             of floats defined by the float package.


Package minitoc(hints) Warning: W0024
(minitoc(hints))                Some hints have been written 
(minitoc(hints))                in the Documento_TG.log file.

Package atveryend Info: Empty hook `BeforeClearDocument' on input line 89.
[39]
Package atveryend Info: Empty hook `AfterLastShipout' on input line 89.
 (Documento_TG.aux
LaTeX Info: Redefining \. on input line 24.
LaTeX Info: Redefining \% on input line 24.
)
Package atveryend Info: Executing hook `AtVeryEndDocument' on input line 89.
Package atveryend Info: Executing hook `AtEndAfterFileList' on input line 89.
Package rerunfilecheck Info: File `Documento_TG.out' has not changed.
(rerunfilecheck)             Checksum: 65663FB181EE5217FE153D39F8597F00;2391.


LaTeX Warning: There were multiply-defined labels.

Package atveryend Info: Empty hook `AtVeryVeryEnd' on input line 89.
 ) 
Here is how much of TeX's memory you used:
 15095 strings out of 481005
 223488 string characters out of 2900857
 700377 words of memory out of 3000000
 30203 multiletter control sequences out of 15000+200000
 582721 words of font info for 87 fonts, out of 3000000 for 9000
 1141 hyphenation exceptions out of 8191
 51i,13n,79p,1023b,666s stack positions out of 5000i,500n,10000p,200000b,50000s
{C:/Users/carlo/AppData/Local/Programs/MiKTeX 2.9/fonts/enc/dvips/base/8r.enc
}<C:/Users/carlo/AppData/Local/Programs/MiKTeX 2.9/fonts/type1/urw/helvetic/uhv
b8a.pfb><C:/Users/carlo/AppData/Local/Programs/MiKTeX 2.9/fonts/type1/urw/helve
tic/uhvr8a.pfb><C:/Users/carlo/AppData/Local/Programs/MiKTeX 2.9/fonts/type1/ur
w/helvetic/uhvro8a.pfb>
Output written on Documento_TG.pdf (47 pages, 1258167 bytes).
PDF statistics:
 476 PDF objects out of 1000 (max. 8388607)
 100 named destinations out of 1000 (max. 500000)
 319 words of extra memory for PDF output out of 10000 (max. 10000000)

